<?xml version="1.0" encoding="UTF-8"?>
<!-- Generated by org.testng.reporters.JUnitReportReporter -->
<testsuite hostname="ABIPC" failures="0" tests="1" name="seperate.NewIgnore" time="0.026" errors="0" timestamp="2023-01-09T09:04:23 IST" skipped="0">
  <testcase classname="seperate.NewIgnore" name="tet1" time="0.026"/>
  <system-out/>
</testsuite> <!-- seperate.NewIgnore -->
