<?xml version="1.0" encoding="UTF-8"?>
<!-- Generated by org.testng.reporters.JUnitReportReporter -->
<testsuite hostname="ABIPC" failures="0" tests="1" name="seperate.CompareExcel" time="0.811" errors="0" timestamp="2022-12-16T11:09:50 IST" skipped="0">
  <testcase classname="seperate.CompareExcel" name="values" time="0.811"/>
  <system-out/>
</testsuite> <!-- seperate.CompareExcel -->
