<?xml version="1.0" encoding="UTF-8"?>
<!-- Generated by org.testng.reporters.JUnitReportReporter -->
<testsuite hostname="ABIPC" failures="0" tests="13" name="tests.CricBuzzTest" time="34.802" errors="0" timestamp="2022-11-02T11:13:00 IST" skipped="0">
  <testcase classname="tests.CricBuzzTest" name="validateAll" time="1.743"/>
  <system-out/>
  <testcase classname="tests.CricBuzzTest" name="validateAll" time="4.280"/>
  <system-out/>
  <testcase classname="tests.CricBuzzTest" name="validateAll" time="5.241"/>
  <system-out/>
  <testcase classname="tests.CricBuzzTest" name="validateAll" time="1.131"/>
  <system-out/>
  <testcase classname="tests.CricBuzzTest" name="validateAll" time="7.347"/>
  <system-out/>
  <testcase classname="tests.CricBuzzTest" name="validateAll" time="4.377"/>
  <system-out/>
  <testcase classname="tests.CricBuzzTest" name="validateAll" time="1.916"/>
  <system-out/>
  <testcase classname="tests.CricBuzzTest" name="validateAll" time="2.039"/>
  <system-out/>
  <testcase classname="tests.CricBuzzTest" name="validateAll" time="0.956"/>
  <system-out/>
  <testcase classname="tests.CricBuzzTest" name="validateAll" time="2.986"/>
  <system-out/>
  <testcase classname="tests.CricBuzzTest" name="validateAll" time="0.891"/>
  <system-out/>
  <testcase classname="tests.CricBuzzTest" name="validateAll" time="0.604"/>
  <system-out/>
  <testcase classname="tests.CricBuzzTest" name="validateAll" time="1.291"/>
  <system-out/>
</testsuite> <!-- tests.CricBuzzTest -->
