<?xml version="1.0" encoding="UTF-8"?>
<!-- Generated by org.testng.reporters.JUnitReportReporter -->
<testsuite hostname="ABIPC" failures="0" tests="2" name="seperate.UploadFile" time="30.639" errors="0" timestamp="2022-11-17T14:33:46 IST" skipped="0">
  <testcase classname="seperate.UploadFile" name="smallPdf" time="1.374"/>
  <system-out/>
  <testcase classname="seperate.UploadFile" name="jqueryUpload" time="29.265"/>
  <system-out/>
</testsuite> <!-- seperate.UploadFile -->
