<?xml version="1.0" encoding="UTF-8"?>
<!-- Generated by org.testng.reporters.JUnitReportReporter -->
<testsuite hostname="ABIPC" failures="0" tests="1" name="actionsClass.Slide" time="0.727" errors="0" timestamp="2022-11-09T17:30:46 IST" skipped="0">
  <testcase classname="actionsClass.Slide" name="newC" time="0.727"/>
  <system-out/>
</testsuite> <!-- actionsClass.Slide -->
