<?xml version="1.0" encoding="UTF-8"?>
<!-- Generated by org.testng.reporters.JUnitReportReporter -->
<testsuite hostname="ABIPC" failures="0" tests="6" name="seperate.Xpaths" time="72.143" errors="0" timestamp="2022-12-23T16:41:56 IST" skipped="0">
  <testcase classname="seperate.Xpaths" name="test2" time="6.299"/>
  <system-out/>
  <testcase classname="seperate.Xpaths" name="test4" time="37.105"/>
  <system-out/>
  <testcase classname="seperate.Xpaths" name="test5" time="4.327"/>
  <system-out/>
  <testcase classname="seperate.Xpaths" name="test3" time="4.108"/>
  <system-out/>
  <testcase classname="seperate.Xpaths" name="test1" time="6.303"/>
  <system-out/>
  <testcase classname="seperate.Xpaths" name="test6" time="14.001"/>
  <system-out/>
</testsuite> <!-- seperate.Xpaths -->
