<?xml version="1.0" encoding="UTF-8"?>
<!-- Generated by org.testng.reporters.JUnitReportReporter -->
<testsuite hostname="ABIPC" failures="0" tests="2" name="actionsClass.DragAndDrop" time="0.606" errors="0" timestamp="2022-11-09T17:28:33 IST" skipped="0">
  <testcase classname="actionsClass.DragAndDrop" name="Drag" time="0.410"/>
  <system-out/>
  <testcase classname="actionsClass.DragAndDrop" name="revert" time="0.196"/>
  <system-out/>
</testsuite> <!-- actionsClass.DragAndDrop -->
