<?xml version="1.0" encoding="UTF-8"?>
<!-- Generated by org.testng.reporters.JUnitReportReporter -->
<testsuite hostname="ABIPC" failures="0" tests="1" name="seleniumGrid.GoogleTest" time="8.954" errors="0" timestamp="2022-12-29T18:20:17 IST" skipped="0">
  <testcase classname="seleniumGrid.GoogleTest" name="testChrome" time="8.954"/>
  <system-out/>
</testsuite> <!-- seleniumGrid.GoogleTest -->
