<?xml version="1.0" encoding="UTF-8"?>
<!-- Generated by org.testng.reporters.JUnitReportReporter -->
<testsuite hostname="ABIPC" failures="0" tests="4" name="seperate.FileDownloadDemo" time="52.668" errors="0" timestamp="2022-12-23T16:36:57 IST" skipped="0">
  <testcase classname="seperate.FileDownloadDemo" name="downloadImage" time="8.949"/>
  <system-out/>
  <testcase classname="seperate.FileDownloadDemo" name="downloadPdfFile" time="7.774"/>
  <system-out/>
  <testcase classname="seperate.FileDownloadDemo" name="directPdf" time="25.989"/>
  <system-out/>
  <testcase classname="seperate.FileDownloadDemo" name="downloadTextFile" time="9.956"/>
  <system-out/>
</testsuite> <!-- seperate.FileDownloadDemo -->
