<?xml version="1.0" encoding="UTF-8"?>
<!-- Generated by org.testng.reporters.JUnitReportReporter -->
<testsuite hostname="ABIPC" failures="0" tests="2" name="seperate.Word_to_Pdf" time="18.183" errors="0" timestamp="2022-12-23T16:18:46 IST" skipped="0">
  <testcase classname="seperate.Word_to_Pdf" name="usingRoboClass" time="17.286"/>
  <system-out/>
  <testcase classname="seperate.Word_to_Pdf" name="usingSendKeys" time="0.897"/>
  <system-out/>
</testsuite> <!-- seperate.Word_to_Pdf -->
