<?xml version="1.0" encoding="UTF-8"?>
<!-- Generated by org.testng.reporters.JUnitReportReporter -->
<testsuite hostname="ABIPC" failures="0" tests="3" name="seperate.Parameter" time="9.831" errors="0" timestamp="2023-01-09T08:54:11 IST" skipped="1">
  <testcase classname="seperate.Parameter" name="input" time="6.895"/>
  <system-out/>
  <testcase classname="seperate.Parameter" name="setUrl" time="2.936"/>
  <system-out/>
  <testcase classname="seperate.Parameter" name="disable">
    <skipped/>
  </testcase> <!-- disable -->
  <system-out/>
</testsuite> <!-- seperate.Parameter -->
