<?xml version="1.0" encoding="UTF-8"?>
<!-- Generated by org.testng.reporters.JUnitReportReporter -->
<testsuite hostname="ABIPC" failures="0" tests="4" name="seperate.Newjs" time="2.150" errors="0" timestamp="2023-01-09T09:09:05 IST" skipped="0">
  <testcase classname="seperate.Newjs" name="Elements" time="0.038"/>
  <system-out/>
  <testcase classname="seperate.Newjs" name="Zoom" time="1.966"/>
  <system-out/>
  <testcase classname="seperate.Newjs" name="getText" time="0.020"/>
  <system-out/>
  <testcase classname="seperate.Newjs" name="scroll" time="0.126"/>
  <system-out/>
</testsuite> <!-- seperate.Newjs -->
