<?xml version="1.0" encoding="UTF-8"?>
<!-- Generated by org.testng.reporters.JUnitReportReporter -->
<testsuite hostname="ABIPC" failures="0" tests="4" name="seperate.TestNGDependencies" time="0.021" errors="0" timestamp="2022-12-08T17:24:09 IST" skipped="0">
  <testcase classname="seperate.TestNGDependencies" name="Test4" time="0.001"/>
  <system-out/>
  <testcase classname="seperate.TestNGDependencies" name="Test3" time="0.016"/>
  <system-out/>
  <testcase classname="seperate.TestNGDependencies" name="Test2" time="0.002"/>
  <system-out/>
  <testcase classname="seperate.TestNGDependencies" name="Test1" time="0.002"/>
  <system-out/>
</testsuite> <!-- seperate.TestNGDependencies -->
