<?xml version="1.0" encoding="UTF-8"?>
<!-- Generated by org.testng.reporters.JUnitReportReporter -->
<testsuite hostname="ABIPC" failures="0" tests="1" name="seperate.NewTestUp" time="4.893" errors="0" timestamp="2022-12-20T16:06:16 IST" skipped="0">
  <testcase classname="seperate.NewTestUp" name="usingSendKeys" time="4.893"/>
  <system-out/>
</testsuite> <!-- seperate.NewTestUp -->
