<?xml version="1.0" encoding="UTF-8"?>
<!-- Generated by org.testng.reporters.JUnitReportReporter -->
<testsuite hostname="ABIPC" failures="0" tests="4" name="seperate.JSDemo" time="45.282" errors="0" timestamp="2022-12-16T18:26:48 IST" skipped="0">
  <testcase classname="seperate.JSDemo" name="highlight" time="10.226"/>
  <system-out/>
  <testcase classname="seperate.JSDemo" name="scroll" time="10.113"/>
  <system-out/>
  <testcase classname="seperate.JSDemo" name="Zoom" time="7.318"/>
  <system-out/>
  <testcase classname="seperate.JSDemo" name="sendText" time="17.625"/>
  <system-out/>
</testsuite> <!-- seperate.JSDemo -->
