<?xml version="1.0" encoding="UTF-8"?>
<!-- Generated by org.testng.reporters.JUnitReportReporter -->
<testsuite hostname="ABIPC" failures="0" tests="1" name="reportsTest.GenerateExtentReport" time="5.510" errors="0" timestamp="2023-01-06T19:51:25 IST" skipped="0">
  <testcase classname="reportsTest.GenerateExtentReport" name="StudentLogin" time="5.510"/>
  <system-out/>
</testsuite> <!-- reportsTest.GenerateExtentReport -->
