<?xml version="1.0" encoding="UTF-8"?>
<!-- Generated by org.testng.reporters.JUnitReportReporter -->
<testsuite hostname="ABIPC" failures="0" tests="1" name="actionsClass.Size" time="0.673" errors="0" timestamp="2022-11-09T17:32:28 IST" skipped="0">
  <testcase classname="actionsClass.Size" name="Resize" time="0.673"/>
  <system-out/>
</testsuite> <!-- actionsClass.Size -->
