<?xml version="1.0" encoding="UTF-8"?>
<!-- Generated by org.testng.reporters.JUnitReportReporter -->
<testsuite hostname="ABIPC" failures="0" tests="1" name="seleniumGrid.GoogleTest2" time="12.327" errors="0" timestamp="2022-12-29T18:20:17 IST" skipped="0">
  <testcase classname="seleniumGrid.GoogleTest2" name="testFox" time="12.327"/>
  <system-out/>
</testsuite> <!-- seleniumGrid.GoogleTest2 -->
