<?xml version="1.0" encoding="UTF-8"?>
<!-- Generated by org.testng.reporters.JUnitReportReporter -->
<testsuite hostname="ABIPC" failures="0" tests="1" name="pages.ActionsPractise" time="10.838" errors="0" timestamp="2022-11-09T12:35:55 IST" skipped="0">
  <testcase classname="pages.ActionsPractise" name="Newaction" time="10.838"/>
  <system-out/>
</testsuite> <!-- pages.ActionsPractise -->
