<?xml version="1.0" encoding="UTF-8"?>
<!-- Generated by org.testng.reporters.JUnitReportReporter -->
<testsuite hostname="ABIPC" failures="0" tests="2" name="actionsClass.MouseOver" time="11.960" errors="0" timestamp="2022-11-09T17:19:32 IST" skipped="0">
  <testcase classname="actionsClass.MouseOver" name="happy" time="11.680"/>
  <system-out/>
  <testcase classname="actionsClass.MouseOver" name="doubleClick" time="0.280"/>
  <system-out/>
</testsuite> <!-- actionsClass.MouseOver -->
