<?xml version="1.0" encoding="UTF-8"?>
<!-- Generated by org.testng.reporters.JUnitReportReporter -->
<testsuite hostname="ABIPC" failures="0" tests="34" name="pages.CricBuzzTest" time="35.013" errors="0" timestamp="2022-11-08T09:41:16 IST" skipped="17">
  <testcase classname="pages.CricBuzzTest" name="SocialHandles" time="1.589"/>
  <system-out/>
  <testcase classname="pages.CricBuzzTest" name="SocialHandles" time="3.705"/>
  <system-out/>
  <testcase classname="pages.CricBuzzTest" name="SocialHandles" time="2.209"/>
  <system-out/>
  <testcase classname="pages.CricBuzzTest" name="SocialHandles" time="4.024"/>
  <system-out/>
  <testcase classname="pages.CricBuzzTest" name="validateAll" time="1.018"/>
  <system-out/>
  <testcase classname="pages.CricBuzzTest" name="validateAll" time="1.582"/>
  <system-out/>
  <testcase classname="pages.CricBuzzTest" name="validateAll" time="5.476"/>
  <system-out/>
  <testcase classname="pages.CricBuzzTest" name="validateAll" time="1.132"/>
  <system-out/>
  <testcase classname="pages.CricBuzzTest" name="validateAll" time="2.553"/>
  <system-out/>
  <testcase classname="pages.CricBuzzTest" name="validateAll" time="1.561"/>
  <system-out/>
  <testcase classname="pages.CricBuzzTest" name="validateAll" time="1.018"/>
  <system-out/>
  <testcase classname="pages.CricBuzzTest" name="validateAll" time="0.832"/>
  <system-out/>
  <testcase classname="pages.CricBuzzTest" name="validateAll" time="2.071"/>
  <system-out/>
  <testcase classname="pages.CricBuzzTest" name="validateAll" time="3.885"/>
  <system-out/>
  <testcase classname="pages.CricBuzzTest" name="validateAll" time="0.895"/>
  <system-out/>
  <testcase classname="pages.CricBuzzTest" name="validateAll" time="0.988"/>
  <system-out/>
  <testcase classname="pages.CricBuzzTest" name="validateAll" time="0.475"/>
  <system-out/>
  <testcase classname="pages.CricBuzzTest" name="validateArchive">
    <skipped/>
  </testcase> <!-- validateArchive -->
  <system-out/>
  <testcase classname="pages.CricBuzzTest" name="validateMcricbuzz">
    <skipped/>
  </testcase> <!-- validateMcricbuzz -->
  <system-out/>
  <testcase classname="pages.CricBuzzTest" name="ValidateFacebook">
    <skipped/>
  </testcase> <!-- ValidateFacebook -->
  <system-out/>
  <testcase classname="pages.CricBuzzTest" name="ValidatePintrest">
    <skipped/>
  </testcase> <!-- ValidatePintrest -->
  <system-out/>
  <testcase classname="pages.CricBuzzTest" name="ValidateYoutube">
    <skipped/>
  </testcase> <!-- ValidateYoutube -->
  <system-out/>
  <testcase classname="pages.CricBuzzTest" name="validateCareers">
    <skipped/>
  </testcase> <!-- validateCareers -->
  <system-out/>
  <testcase classname="pages.CricBuzzTest" name="ValidateTwitter">
    <skipped/>
  </testcase> <!-- ValidateTwitter -->
  <system-out/>
  <testcase classname="pages.CricBuzzTest" name="validateTvAds">
    <skipped/>
  </testcase> <!-- validateTvAds -->
  <system-out/>
  <testcase classname="pages.CricBuzzTest" name="validatePrivacyPolicy">
    <skipped/>
  </testcase> <!-- validatePrivacyPolicy -->
  <system-out/>
  <testcase classname="pages.CricBuzzTest" name="validateSeries">
    <skipped/>
  </testcase> <!-- validateSeries -->
  <system-out/>
  <testcase classname="pages.CricBuzzTest" name="validateNews">
    <skipped/>
  </testcase> <!-- validateNews -->
  <system-out/>
  <testcase classname="pages.CricBuzzTest" name="validateVideos">
    <skipped/>
  </testcase> <!-- validateVideos -->
  <system-out/>
  <testcase classname="pages.CricBuzzTest" name="validateTerms">
    <skipped/>
  </testcase> <!-- validateTerms -->
  <system-out/>
  <testcase classname="pages.CricBuzzTest" name="validateAdvertise">
    <skipped/>
  </testcase> <!-- validateAdvertise -->
  <system-out/>
  <testcase classname="pages.CricBuzzTest" name="validateSchedule">
    <skipped/>
  </testcase> <!-- validateSchedule -->
  <system-out/>
  <testcase classname="pages.CricBuzzTest" name="validateTeams">
    <skipped/>
  </testcase> <!-- validateTeams -->
  <system-out/>
  <testcase classname="pages.CricBuzzTest" name="validateScore">
    <skipped/>
  </testcase> <!-- validateScore -->
  <system-out/>
</testsuite> <!-- pages.CricBuzzTest -->
