<?xml version="1.0" encoding="UTF-8"?>
<!-- Generated by org.testng.reporters.JUnitReportReporter -->
<testsuite hostname="ABIPC" failures="0" tests="1" name="actionsClass.RightClick" time="6.385" errors="0" timestamp="2022-11-09T14:37:59 IST" skipped="0">
  <testcase classname="actionsClass.RightClick" name="hello" time="6.385"/>
  <system-out/>
</testsuite> <!-- actionsClass.RightClick -->
