<?xml version="1.0" encoding="UTF-8"?>
<!-- Generated by org.testng.reporters.JUnitReportReporter -->
<testsuite hostname="ABIPC" failures="0" tests="3" name="groupTest.Test2" time="0.029" errors="0" timestamp="2022-12-08T14:47:50 IST" skipped="0">
  <testcase classname="groupTest.Test2" name="t6" time="0.003"/>
  <system-out/>
  <testcase classname="groupTest.Test2" name="t7" time="0.023"/>
  <system-out/>
  <testcase classname="groupTest.Test2" name="t9" time="0.003"/>
  <system-out/>
</testsuite> <!-- groupTest.Test2 -->
