<?xml version="1.0" encoding="UTF-8"?>
<!-- Generated by org.testng.reporters.JUnitReportReporter -->
<testsuite hostname="ABIPC" failures="0" tests="1" name="pages.ValidateLinks" time="9.365" errors="0" timestamp="2022-11-08T09:55:28 IST" skipped="0">
  <testcase classname="pages.ValidateLinks" name="testLinks" time="9.365"/>
  <system-out/>
</testsuite> <!-- pages.ValidateLinks -->
