<?xml version="1.0" encoding="UTF-8"?>
<!-- Generated by org.testng.reporters.JUnitReportReporter -->
<testsuite hostname="ABIPC" failures="0" tests="5" name="seperate.NewWindows" time="53.415" errors="0" timestamp="2022-12-30T12:02:28 IST" skipped="0">
  <testcase classname="seperate.NewWindows" name="multipleWindowsTabs" time="16.693"/>
  <system-out/>
  <testcase classname="seperate.NewWindows" name="singleTab" time="6.049"/>
  <system-out/>
  <testcase classname="seperate.NewWindows" name="multipleTabs" time="9.910"/>
  <system-out/>
  <testcase classname="seperate.NewWindows" name="singleWindow" time="7.257"/>
  <system-out/>
  <testcase classname="seperate.NewWindows" name="multipleWindows" time="13.506"/>
  <system-out/>
</testsuite> <!-- seperate.NewWindows -->
