<?xml version="1.0" encoding="UTF-8"?>
<!-- Generated by org.testng.reporters.JUnitReportReporter -->
<testsuite hostname="ABIPC" failures="0" tests="4" name="seperate.Invocation" time="57.509" errors="0" timestamp="2023-01-09T09:01:52 IST" skipped="0">
  <testcase classname="seperate.Invocation" name="getData" time="16.976"/>
  <system-out/>
  <testcase classname="seperate.Invocation" name="getData" time="17.071"/>
  <system-out/>
  <testcase classname="seperate.Invocation" name="getData" time="11.920"/>
  <system-out/>
  <testcase classname="seperate.Invocation" name="getData" time="11.542"/>
  <system-out/>
</testsuite> <!-- seperate.Invocation -->
