<?xml version="1.0" encoding="UTF-8"?>
<!-- Generated by org.testng.reporters.JUnitReportReporter -->
<testsuite hostname="ABIPC" failures="0" tests="1" name="seperate.DesiredCapabilitiesDemo" time="4.444" errors="0" timestamp="2022-12-20T13:56:14 IST" skipped="0">
  <testcase classname="seperate.DesiredCapabilitiesDemo" name="usingXpath" time="4.444"/>
  <system-out/>
</testsuite> <!-- seperate.DesiredCapabilitiesDemo -->
