<?xml version="1.0" encoding="UTF-8"?>
<!-- Generated by org.testng.reporters.JUnitReportReporter -->
<testsuite hostname="ABIPC" failures="0" tests="3" name="seperate.JSExecutor" time="1.519" errors="0" timestamp="2023-01-09T09:12:41 IST" skipped="0">
  <testcase classname="seperate.JSExecutor" name="highlightElement" time="1.434"/>
  <system-out/>
  <testcase classname="seperate.JSExecutor" name="sendText" time="0.064"/>
  <system-out/>
  <testcase classname="seperate.JSExecutor" name="Click" time="0.021"/>
  <system-out/>
</testsuite> <!-- seperate.JSExecutor -->
