<?xml version="1.0" encoding="UTF-8"?>
<!-- Generated by org.testng.reporters.JUnitReportReporter -->
<testsuite hostname="ABIPC" failures="0" tests="3" name="groupTest.Test1" time="0.031" errors="0" timestamp="2022-12-08T14:47:50 IST" skipped="0">
  <testcase classname="groupTest.Test1" name="t4" time="0.001"/>
  <system-out/>
  <testcase classname="groupTest.Test1" name="t1" time="0.028"/>
  <system-out/>
  <testcase classname="groupTest.Test1" name="t5" time="0.002"/>
  <system-out/>
</testsuite> <!-- groupTest.Test1 -->
