<?xml version="1.0" encoding="UTF-8"?>
<!-- Generated by org.testng.reporters.JUnitReportReporter -->
<testsuite hostname="ABIPC" failures="0" tests="1" name="pages.Sample" time="4.720" errors="0" timestamp="2022-11-03T15:05:21 IST" skipped="0">
  <testcase classname="pages.Sample" name="first" time="4.720"/>
  <system-out/>
</testsuite> <!-- pages.Sample -->
