<?xml version="1.0" encoding="UTF-8"?>
<!-- Generated by org.testng.reporters.JUnitReportReporter -->
<testsuite hostname="ABIPC" failures="0" tests="3" name="seperate.TestngSessions" time="135.133" errors="0" timestamp="2022-12-30T17:13:17 IST" skipped="0">
  <testcase classname="seperate.TestngSessions" name="SessionTwo" time="38.828"/>
  <system-out/>
  <testcase classname="seperate.TestngSessions" name="SessionOne" time="59.532"/>
  <system-out/>
  <testcase classname="seperate.TestngSessions" name="SessionThree" time="36.773"/>
  <system-out/>
</testsuite> <!-- seperate.TestngSessions -->
